1512970556536	geckodriver	INFO	geckodriver 0.19.1
1512970556553	geckodriver	INFO	Listening on 127.0.0.1:54516
1512970557703	mozrunner::runner	INFO	Running command: "/usr/bin/firefox" "-marionette" "-profile" "/tmp/rust_mozprofile.Ui4GrzwgcIdG"
1512970559554	addons.xpi	WARN	Add-on langpack-en-ZA@firefox.mozilla.org is not compatible with application version.
1512970559554	addons.xpi	WARN	Add-on langpack-en-ZA@firefox.mozilla.org is not compatible with application version.
1512970559554	addons.xpi	WARN	Add-on langpack-en-ZA@firefox.mozilla.org is not compatible with application version.
1512970559563	addons.xpi	WARN	Add-on langpack-en-GB@firefox.mozilla.org is not compatible with application version.
1512970559563	addons.xpi	WARN	Add-on langpack-en-GB@firefox.mozilla.org is not compatible with application version.
1512970559563	addons.xpi	WARN	Add-on langpack-en-GB@firefox.mozilla.org is not compatible with application version.
1512970560194	Marionette	INFO	Enabled via --marionette

(firefox:9859): GLib-GIO-CRITICAL **: g_dbus_connection_register_object: assertion 'G_IS_DBUS_CONNECTION (connection)' failed

(firefox:9859): GLib-GIO-CRITICAL **: g_dbus_connection_register_object: assertion 'G_IS_DBUS_CONNECTION (connection)' failed

(firefox:9859): GLib-GIO-CRITICAL **: g_dbus_connection_get_unique_name: assertion 'G_IS_DBUS_CONNECTION (connection)' failed
1512970560302	addons.xpi	WARN	Add-on langpack-en-ZA@firefox.mozilla.org is not compatible with application version.
1512970560302	addons.xpi	WARN	Add-on langpack-en-GB@firefox.mozilla.org is not compatible with application version.
1512970560303	addons.xpi	WARN	Add-on langpack-en-ZA@firefox.mozilla.org is not compatible with application version.
1512970560303	addons.xpi	WARN	Add-on langpack-en-GB@firefox.mozilla.org is not compatible with application version.
1512970560305	addons.xpi	WARN	Add-on langpack-en-ZA@firefox.mozilla.org is not compatible with application version.
1512970560305	addons.xpi	WARN	Add-on langpack-en-GB@firefox.mozilla.org is not compatible with application version.
1512970560380	addons.xpi	WARN	Add-on langpack-en-ZA@firefox.mozilla.org is not compatible with application version.
1512970560380	addons.xpi	WARN	Add-on langpack-en-GB@firefox.mozilla.org is not compatible with application version.

(firefox:9859): GLib-GIO-CRITICAL **: g_dbus_connection_register_object: assertion 'G_IS_DBUS_CONNECTION (connection)' failed

(firefox:9859): GLib-GIO-CRITICAL **: g_dbus_connection_register_object: assertion 'G_IS_DBUS_CONNECTION (connection)' failed

(firefox:9859): GLib-GIO-CRITICAL **: g_dbus_connection_get_unique_name: assertion 'G_IS_DBUS_CONNECTION (connection)' failed

(firefox:9859): GConf-WARNING **: Client failed to connect to the D-BUS daemon:
Did not receive a reply. Possible causes include: the remote application did not send a reply, the message bus security policy blocked the reply, the reply timeout expired, or the network connection was broken.

(firefox:9859): LIBDBUSMENU-GLIB-WARNING **: Unable to get session bus: 连接已关闭

(firefox:9859): GConf-WARNING **: Client failed to connect to the D-BUS daemon:
Did not receive a reply. Possible causes include: the remote application did not send a reply, the message bus security policy blocked the reply, the reply timeout expired, or the network connection was broken.
1512970565447	Marionette	INFO	Listening on port 45229
1512970565539	Marionette	WARN	TLS certificate errors will be ignored for this session

(firefox:9859): GConf-WARNING **: Client failed to connect to the D-BUS daemon:
Did not receive a reply. Possible causes include: the remote application did not send a reply, the message bus security policy blocked the reply, the reply timeout expired, or the network connection was broken.
1512970565610	Marionette	DEBUG	Register listener.js for window 2147483649

(firefox:9859): GConf-WARNING **: Client failed to connect to the D-BUS daemon:
Did not receive a reply. Possible causes include: the remote application did not send a reply, the message bus security policy blocked the reply, the reply timeout expired, or the network connection was broken.
1512970596768	Marionette	DEBUG	Received DOM event "beforeunload" for "about:blank"
1512970596935	Marionette	DEBUG	Received DOM event "pagehide" for "about:blank"
1512970596935	Marionette	DEBUG	Received DOM event "unload" for "about:blank"
JavaScript error: https://ss1.bdstatic.com/5eN1bjq8AAUYm2zgoY3K/r/www/cache/static/protocol/https/plugins/every_cookie_4644b13.js, line 4: ReferenceError: c is not defined
1512970597245	Marionette	DEBUG	Received DOM event "DOMContentLoaded" for "https://www.baidu.com/"
1512970597290	Marionette	DEBUG	Received DOM event "pageshow" for "https://www.baidu.com/"

(firefox:9859): GConf-WARNING **: Client failed to connect to the D-BUS daemon:
Did not receive a reply. Possible causes include: the remote application did not send a reply, the message bus security policy blocked the reply, the reply timeout expired, or the network connection was broken.

(firefox:9859): GLib-GIO-CRITICAL **: g_dbus_connection_register_object: assertion 'G_IS_DBUS_CONNECTION (connection)' failed

(firefox:9859): GLib-GIO-CRITICAL **: g_dbus_connection_register_object: assertion 'G_IS_DBUS_CONNECTION (connection)' failed

(firefox:9859): GLib-GIO-CRITICAL **: g_dbus_connection_get_unique_name: assertion 'G_IS_DBUS_CONNECTION (connection)' failed

(firefox:9859): GLib-GIO-CRITICAL **: g_dbus_connection_register_object: assertion 'G_IS_DBUS_CONNECTION (connection)' failed

(firefox:9859): GLib-GIO-CRITICAL **: g_dbus_connection_register_object: assertion 'G_IS_DBUS_CONNECTION (connection)' failed

(firefox:9859): GLib-GIO-CRITICAL **: g_dbus_connection_get_unique_name: assertion 'G_IS_DBUS_CONNECTION (connection)' failed

(firefox:9859): GLib-GIO-CRITICAL **: g_dbus_connection_register_object: assertion 'G_IS_DBUS_CONNECTION (connection)' failed

(firefox:9859): GLib-GIO-CRITICAL **: g_dbus_connection_register_object: assertion 'G_IS_DBUS_CONNECTION (connection)' failed

(firefox:9859): GLib-GIO-CRITICAL **: g_dbus_connection_get_unique_name: assertion 'G_IS_DBUS_CONNECTION (connection)' failed

(firefox:9859): GLib-GIO-CRITICAL **: g_dbus_connection_register_object: assertion 'G_IS_DBUS_CONNECTION (connection)' failed

(firefox:9859): GLib-GIO-CRITICAL **: g_dbus_connection_register_object: assertion 'G_IS_DBUS_CONNECTION (connection)' failed

(firefox:9859): GLib-GIO-CRITICAL **: g_dbus_connection_get_unique_name: assertion 'G_IS_DBUS_CONNECTION (connection)' failed

(firefox:9859): GLib-GIO-CRITICAL **: g_dbus_connection_register_object: assertion 'G_IS_DBUS_CONNECTION (connection)' failed

(firefox:9859): GLib-GIO-CRITICAL **: g_dbus_connection_register_object: assertion 'G_IS_DBUS_CONNECTION (connection)' failed

(firefox:9859): GLib-GIO-CRITICAL **: g_dbus_connection_get_unique_name: assertion 'G_IS_DBUS_CONNECTION (connection)' failed

(firefox:9859): GLib-GIO-CRITICAL **: g_dbus_connection_register_object: assertion 'G_IS_DBUS_CONNECTION (connection)' failed

(firefox:9859): GLib-GIO-CRITICAL **: g_dbus_connection_register_object: assertion 'G_IS_DBUS_CONNECTION (connection)' failed

(firefox:9859): GLib-GIO-CRITICAL **: g_dbus_connection_get_unique_name: assertion 'G_IS_DBUS_CONNECTION (connection)' failed

(firefox:9859): GConf-WARNING **: Client failed to connect to the D-BUS daemon:
Did not receive a reply. Possible causes include: the remote application did not send a reply, the message bus security policy blocked the reply, the reply timeout expired, or the network connection was broken.
1512971220138	geckodriver	INFO	geckodriver 0.19.1
1512971220142	geckodriver	INFO	Listening on 127.0.0.1:53899
1512971220351	mozrunner::runner	INFO	Running command: "/usr/bin/firefox" "-marionette" "-profile" "/tmp/rust_mozprofile.fGaSELVlxX3v"
1512971221919	addons.xpi	WARN	Add-on langpack-en-ZA@firefox.mozilla.org is not compatible with application version.
1512971221919	addons.xpi	WARN	Add-on langpack-en-ZA@firefox.mozilla.org is not compatible with application version.
1512971221920	addons.xpi	WARN	Add-on langpack-en-ZA@firefox.mozilla.org is not compatible with application version.
1512971221928	addons.xpi	WARN	Add-on langpack-en-GB@firefox.mozilla.org is not compatible with application version.
1512971221928	addons.xpi	WARN	Add-on langpack-en-GB@firefox.mozilla.org is not compatible with application version.
1512971221928	addons.xpi	WARN	Add-on langpack-en-GB@firefox.mozilla.org is not compatible with application version.
1512971222489	Marionette	INFO	Enabled via --marionette

(firefox:10184): GLib-GIO-CRITICAL **: g_dbus_connection_register_object: assertion 'G_IS_DBUS_CONNECTION (connection)' failed

(firefox:10184): GLib-GIO-CRITICAL **: g_dbus_connection_register_object: assertion 'G_IS_DBUS_CONNECTION (connection)' failed

(firefox:10184): GLib-GIO-CRITICAL **: g_dbus_connection_get_unique_name: assertion 'G_IS_DBUS_CONNECTION (connection)' failed
1512971222654	addons.xpi	WARN	Add-on langpack-en-ZA@firefox.mozilla.org is not compatible with application version.
1512971222654	addons.xpi	WARN	Add-on langpack-en-GB@firefox.mozilla.org is not compatible with application version.
1512971222654	addons.xpi	WARN	Add-on langpack-en-ZA@firefox.mozilla.org is not compatible with application version.
1512971222654	addons.xpi	WARN	Add-on langpack-en-GB@firefox.mozilla.org is not compatible with application version.
1512971222656	addons.xpi	WARN	Add-on langpack-en-ZA@firefox.mozilla.org is not compatible with application version.
1512971222656	addons.xpi	WARN	Add-on langpack-en-GB@firefox.mozilla.org is not compatible with application version.
1512971222734	addons.xpi	WARN	Add-on langpack-en-ZA@firefox.mozilla.org is not compatible with application version.
1512971222734	addons.xpi	WARN	Add-on langpack-en-GB@firefox.mozilla.org is not compatible with application version.

(firefox:10184): GLib-GIO-CRITICAL **: g_dbus_connection_register_object: assertion 'G_IS_DBUS_CONNECTION (connection)' failed

(firefox:10184): GLib-GIO-CRITICAL **: g_dbus_connection_register_object: assertion 'G_IS_DBUS_CONNECTION (connection)' failed

(firefox:10184): GLib-GIO-CRITICAL **: g_dbus_connection_get_unique_name: assertion 'G_IS_DBUS_CONNECTION (connection)' failed

(firefox:10184): GConf-WARNING **: Client failed to connect to the D-BUS daemon:
Did not receive a reply. Possible causes include: the remote application did not send a reply, the message bus security policy blocked the reply, the reply timeout expired, or the network connection was broken.

(firefox:10184): LIBDBUSMENU-GLIB-WARNING **: Unable to get session bus: 连接已关闭

(firefox:10184): GConf-WARNING **: Client failed to connect to the D-BUS daemon:
Did not receive a reply. Possible causes include: the remote application did not send a reply, the message bus security policy blocked the reply, the reply timeout expired, or the network connection was broken.
1512971225850	Marionette	INFO	Listening on port 33903
1512971225873	Marionette	WARN	TLS certificate errors will be ignored for this session
1512971225972	Marionette	DEBUG	Register listener.js for window 2147483649

(firefox:10184): GConf-WARNING **: Client failed to connect to the D-BUS daemon:
Did not receive a reply. Possible causes include: the remote application did not send a reply, the message bus security policy blocked the reply, the reply timeout expired, or the network connection was broken.

(firefox:10184): GConf-WARNING **: Client failed to connect to the D-BUS daemon:
Did not receive a reply. Possible causes include: the remote application did not send a reply, the message bus security policy blocked the reply, the reply timeout expired, or the network connection was broken.

(firefox:10184): GConf-WARNING **: Client failed to connect to the D-BUS daemon:
Did not receive a reply. Possible causes include: the remote application did not send a reply, the message bus security policy blocked the reply, the reply timeout expired, or the network connection was broken.

(firefox:10184): GConf-WARNING **: Client failed to connect to the D-BUS daemon:
Did not receive a reply. Possible causes include: the remote application did not send a reply, the message bus security policy blocked the reply, the reply timeout expired, or the network connection was broken.
1512971347740	Marionette	DEBUG	Received DOM event "beforeunload" for "about:blank"
1512971347845	Marionette	DEBUG	Received DOM event "pagehide" for "about:blank"
1512971347846	Marionette	DEBUG	Received DOM event "unload" for "about:blank"
JavaScript error: https://ss1.bdstatic.com/5eN1bjq8AAUYm2zgoY3K/r/www/cache/static/protocol/https/plugins/every_cookie_4644b13.js, line 4: ReferenceError: c is not defined
1512971348085	Marionette	DEBUG	Received DOM event "DOMContentLoaded" for "https://www.baidu.com/"
1512971348127	Marionette	DEBUG	Received DOM event "pageshow" for "https://www.baidu.com/"

(firefox:10184): GLib-GIO-CRITICAL **: g_dbus_connection_register_object: assertion 'G_IS_DBUS_CONNECTION (connection)' failed

(firefox:10184): GLib-GIO-CRITICAL **: g_dbus_connection_register_object: assertion 'G_IS_DBUS_CONNECTION (connection)' failed

(firefox:10184): GLib-GIO-CRITICAL **: g_dbus_connection_get_unique_name: assertion 'G_IS_DBUS_CONNECTION (connection)' failed

(firefox:10184): GLib-GIO-CRITICAL **: g_dbus_connection_register_object: assertion 'G_IS_DBUS_CONNECTION (connection)' failed

(firefox:10184): GLib-GIO-CRITICAL **: g_dbus_connection_register_object: assertion 'G_IS_DBUS_CONNECTION (connection)' failed

(firefox:10184): GLib-GIO-CRITICAL **: g_dbus_connection_get_unique_name: assertion 'G_IS_DBUS_CONNECTION (connection)' failed

(firefox:10184): GLib-GIO-CRITICAL **: g_dbus_connection_register_object: assertion 'G_IS_DBUS_CONNECTION (connection)' failed

(firefox:10184): GLib-GIO-CRITICAL **: g_dbus_connection_register_object: assertion 'G_IS_DBUS_CONNECTION (connection)' failed

(firefox:10184): GLib-GIO-CRITICAL **: g_dbus_connection_get_unique_name: assertion 'G_IS_DBUS_CONNECTION (connection)' failed

(firefox:10184): GLib-GIO-CRITICAL **: g_dbus_connection_register_object: assertion 'G_IS_DBUS_CONNECTION (connection)' failed

(firefox:10184): GLib-GIO-CRITICAL **: g_dbus_connection_register_object: assertion 'G_IS_DBUS_CONNECTION (connection)' failed

(firefox:10184): GLib-GIO-CRITICAL **: g_dbus_connection_get_unique_name: assertion 'G_IS_DBUS_CONNECTION (connection)' failed

(firefox:10184): GLib-GIO-CRITICAL **: g_dbus_connection_register_object: assertion 'G_IS_DBUS_CONNECTION (connection)' failed

(firefox:10184): GLib-GIO-CRITICAL **: g_dbus_connection_register_object: assertion 'G_IS_DBUS_CONNECTION (connection)' failed

(firefox:10184): GLib-GIO-CRITICAL **: g_dbus_connection_get_unique_name: assertion 'G_IS_DBUS_CONNECTION (connection)' failed
1512971399808	Marionette	DEBUG	Register listener.js for window 2147483653
1512971399905	Marionette	DEBUG	Register listener.js for window 2147483655

(firefox:10184): GLib-GIO-CRITICAL **: g_dbus_connection_register_object: assertion 'G_IS_DBUS_CONNECTION (connection)' failed

(firefox:10184): GLib-GIO-CRITICAL **: g_dbus_connection_register_object: assertion 'G_IS_DBUS_CONNECTION (connection)' failed

(firefox:10184): GLib-GIO-CRITICAL **: g_dbus_connection_get_unique_name: assertion 'G_IS_DBUS_CONNECTION (connection)' failed

(firefox:10184): GLib-GIO-CRITICAL **: g_dbus_connection_register_object: assertion 'G_IS_DBUS_CONNECTION (connection)' failed

(firefox:10184): GLib-GIO-CRITICAL **: g_dbus_connection_register_object: assertion 'G_IS_DBUS_CONNECTION (connection)' failed

(firefox:10184): GLib-GIO-CRITICAL **: g_dbus_connection_get_unique_name: assertion 'G_IS_DBUS_CONNECTION (connection)' failed

(firefox:10184): GLib-GIO-CRITICAL **: g_dbus_connection_register_object: assertion 'G_IS_DBUS_CONNECTION (connection)' failed

(firefox:10184): GLib-GIO-CRITICAL **: g_dbus_connection_register_object: assertion 'G_IS_DBUS_CONNECTION (connection)' failed

(firefox:10184): GLib-GIO-CRITICAL **: g_dbus_connection_get_unique_name: assertion 'G_IS_DBUS_CONNECTION (connection)' failed

(firefox:10184): GLib-GIO-CRITICAL **: g_dbus_connection_register_object: assertion 'G_IS_DBUS_CONNECTION (connection)' failed

(firefox:10184): GLib-GIO-CRITICAL **: g_dbus_connection_register_object: assertion 'G_IS_DBUS_CONNECTION (connection)' failed

(firefox:10184): GLib-GIO-CRITICAL **: g_dbus_connection_get_unique_name: assertion 'G_IS_DBUS_CONNECTION (connection)' failed

(firefox:10184): GLib-GIO-CRITICAL **: g_dbus_connection_register_object: assertion 'G_IS_DBUS_CONNECTION (connection)' failed

(firefox:10184): GLib-GIO-CRITICAL **: g_dbus_connection_register_object: assertion 'G_IS_DBUS_CONNECTION (connection)' failed

(firefox:10184): GLib-GIO-CRITICAL **: g_dbus_connection_get_unique_name: assertion 'G_IS_DBUS_CONNECTION (connection)' failed
1512971753249	geckodriver	INFO	geckodriver 0.19.1
1512971753252	geckodriver	INFO	Listening on 127.0.0.1:44252
1512971754393	mozrunner::runner	INFO	Running command: "/usr/bin/firefox" "-marionette" "-profile" "/tmp/rust_mozprofile.YF6qzm7uS1RS"
1512971754989	addons.xpi	WARN	Add-on langpack-en-ZA@firefox.mozilla.org is not compatible with application version.
1512971754989	addons.xpi	WARN	Add-on langpack-en-ZA@firefox.mozilla.org is not compatible with application version.
1512971754989	addons.xpi	WARN	Add-on langpack-en-ZA@firefox.mozilla.org is not compatible with application version.
1512971754996	addons.xpi	WARN	Add-on langpack-en-GB@firefox.mozilla.org is not compatible with application version.
1512971754996	addons.xpi	WARN	Add-on langpack-en-GB@firefox.mozilla.org is not compatible with application version.
1512971754996	addons.xpi	WARN	Add-on langpack-en-GB@firefox.mozilla.org is not compatible with application version.
1512971755357	Marionette	INFO	Enabled via --marionette

(firefox:10504): GLib-GIO-CRITICAL **: g_dbus_connection_register_object: assertion 'G_IS_DBUS_CONNECTION (connection)' failed

(firefox:10504): GLib-GIO-CRITICAL **: g_dbus_connection_register_object: assertion 'G_IS_DBUS_CONNECTION (connection)' failed

(firefox:10504): GLib-GIO-CRITICAL **: g_dbus_connection_get_unique_name: assertion 'G_IS_DBUS_CONNECTION (connection)' failed
1512971755448	addons.xpi	WARN	Add-on langpack-en-ZA@firefox.mozilla.org is not compatible with application version.
1512971755448	addons.xpi	WARN	Add-on langpack-en-GB@firefox.mozilla.org is not compatible with application version.
1512971755449	addons.xpi	WARN	Add-on langpack-en-ZA@firefox.mozilla.org is not compatible with application version.
1512971755449	addons.xpi	WARN	Add-on langpack-en-GB@firefox.mozilla.org is not compatible with application version.
1512971755451	addons.xpi	WARN	Add-on langpack-en-ZA@firefox.mozilla.org is not compatible with application version.
1512971755451	addons.xpi	WARN	Add-on langpack-en-GB@firefox.mozilla.org is not compatible with application version.
1512971755501	addons.xpi	WARN	Add-on langpack-en-ZA@firefox.mozilla.org is not compatible with application version.
1512971755501	addons.xpi	WARN	Add-on langpack-en-GB@firefox.mozilla.org is not compatible with application version.

(firefox:10504): GLib-GIO-CRITICAL **: g_dbus_connection_register_object: assertion 'G_IS_DBUS_CONNECTION (connection)' failed

(firefox:10504): GLib-GIO-CRITICAL **: g_dbus_connection_register_object: assertion 'G_IS_DBUS_CONNECTION (connection)' failed

(firefox:10504): GLib-GIO-CRITICAL **: g_dbus_connection_get_unique_name: assertion 'G_IS_DBUS_CONNECTION (connection)' failed

(firefox:10504): GConf-WARNING **: Client failed to connect to the D-BUS daemon:
Did not receive a reply. Possible causes include: the remote application did not send a reply, the message bus security policy blocked the reply, the reply timeout expired, or the network connection was broken.

(firefox:10504): LIBDBUSMENU-GLIB-WARNING **: Unable to get session bus: 连接已关闭

(firefox:10504): GConf-WARNING **: Client failed to connect to the D-BUS daemon:
Did not receive a reply. Possible causes include: the remote application did not send a reply, the message bus security policy blocked the reply, the reply timeout expired, or the network connection was broken.
1512971758355	Marionette	INFO	Listening on port 40503
1512971758406	Marionette	WARN	TLS certificate errors will be ignored for this session

(firefox:10504): GConf-WARNING **: Client failed to connect to the D-BUS daemon:
Did not receive a reply. Possible causes include: the remote application did not send a reply, the message bus security policy blocked the reply, the reply timeout expired, or the network connection was broken.
1512971758476	Marionette	DEBUG	Register listener.js for window 2147483649

(firefox:10504): GConf-WARNING **: Client failed to connect to the D-BUS daemon:
Did not receive a reply. Possible causes include: the remote application did not send a reply, the message bus security policy blocked the reply, the reply timeout expired, or the network connection was broken.

(firefox:10504): GConf-WARNING **: Client failed to connect to the D-BUS daemon:
Did not receive a reply. Possible causes include: the remote application did not send a reply, the message bus security policy blocked the reply, the reply timeout expired, or the network connection was broken.
1512971766193	Marionette	DEBUG	Received DOM event "beforeunload" for "about:blank"
1512971767067	Marionette	DEBUG	Received DOM event "pagehide" for "about:blank"
1512971767067	Marionette	DEBUG	Received DOM event "unload" for "about:blank"
1512971772294	Marionette	DEBUG	Received DOM event "DOMContentLoaded" for "https://passport.weibo.cn/signin/login?entry=mweibo&r=http%3A%2F%2Fweibo.cn&"
1512971772312	Marionette	DEBUG	Received DOM event "pageshow" for "https://passport.weibo.cn/signin/login?entry=mweibo&r=http%3A%2F%2Fweibo.cn&"

(firefox:10504): GLib-GIO-CRITICAL **: g_dbus_connection_register_object: assertion 'G_IS_DBUS_CONNECTION (connection)' failed

(firefox:10504): GLib-GIO-CRITICAL **: g_dbus_connection_register_object: assertion 'G_IS_DBUS_CONNECTION (connection)' failed

(firefox:10504): GLib-GIO-CRITICAL **: g_dbus_connection_get_unique_name: assertion 'G_IS_DBUS_CONNECTION (connection)' failed

(firefox:10504): GLib-GIO-CRITICAL **: g_dbus_connection_register_object: assertion 'G_IS_DBUS_CONNECTION (connection)' failed

(firefox:10504): GLib-GIO-CRITICAL **: g_dbus_connection_register_object: assertion 'G_IS_DBUS_CONNECTION (connection)' failed

(firefox:10504): GLib-GIO-CRITICAL **: g_dbus_connection_get_unique_name: assertion 'G_IS_DBUS_CONNECTION (connection)' failed

(firefox:10504): GLib-GIO-CRITICAL **: g_dbus_connection_register_object: assertion 'G_IS_DBUS_CONNECTION (connection)' failed

(firefox:10504): GLib-GIO-CRITICAL **: g_dbus_connection_register_object: assertion 'G_IS_DBUS_CONNECTION (connection)' failed

(firefox:10504): GLib-GIO-CRITICAL **: g_dbus_connection_get_unique_name: assertion 'G_IS_DBUS_CONNECTION (connection)' failed

(firefox:10504): GLib-GIO-CRITICAL **: g_dbus_connection_register_object: assertion 'G_IS_DBUS_CONNECTION (connection)' failed

(firefox:10504): GLib-GIO-CRITICAL **: g_dbus_connection_register_object: assertion 'G_IS_DBUS_CONNECTION (connection)' failed

(firefox:10504): GLib-GIO-CRITICAL **: g_dbus_connection_get_unique_name: assertion 'G_IS_DBUS_CONNECTION (connection)' failed

(firefox:10504): GLib-GIO-CRITICAL **: g_dbus_connection_register_object: assertion 'G_IS_DBUS_CONNECTION (connection)' failed

(firefox:10504): GLib-GIO-CRITICAL **: g_dbus_connection_register_object: assertion 'G_IS_DBUS_CONNECTION (connection)' failed

(firefox:10504): GLib-GIO-CRITICAL **: g_dbus_connection_get_unique_name: assertion 'G_IS_DBUS_CONNECTION (connection)' failed

(firefox:10504): GConf-WARNING **: Client failed to connect to the D-BUS daemon:
Did not receive a reply. Possible causes include: the remote application did not send a reply, the message bus security policy blocked the reply, the reply timeout expired, or the network connection was broken.
1512972266819	addons.xpi	WARN	Add-on langpack-en-ZA@firefox.mozilla.org is not compatible with application version.
1512972266825	addons.xpi	WARN	Add-on langpack-en-GB@firefox.mozilla.org is not compatible with application version.
1512972266833	addons.xpi	WARN	Add-on langpack-en-ZA@firefox.mozilla.org is not compatible with application version.
1512972266833	addons.xpi	WARN	Add-on langpack-en-GB@firefox.mozilla.org is not compatible with application version.

(firefox:10504): GLib-GIO-CRITICAL **: g_dbus_connection_register_object: assertion 'G_IS_DBUS_CONNECTION (connection)' failed

(firefox:10504): GLib-GIO-CRITICAL **: g_dbus_connection_register_object: assertion 'G_IS_DBUS_CONNECTION (connection)' failed

(firefox:10504): GLib-GIO-CRITICAL **: g_dbus_connection_get_unique_name: assertion 'G_IS_DBUS_CONNECTION (connection)' failed
1512972365665	Marionette	DEBUG	Register listener.js for window 2147483653

(firefox:10504): GLib-GIO-CRITICAL **: g_dbus_connection_register_object: assertion 'G_IS_DBUS_CONNECTION (connection)' failed

(firefox:10504): GLib-GIO-CRITICAL **: g_dbus_connection_register_object: assertion 'G_IS_DBUS_CONNECTION (connection)' failed

(firefox:10504): GLib-GIO-CRITICAL **: g_dbus_connection_get_unique_name: assertion 'G_IS_DBUS_CONNECTION (connection)' failed

(firefox:10504): GConf-WARNING **: Client failed to connect to the D-BUS daemon:
Did not receive a reply. Possible causes include: the remote application did not send a reply, the message bus security policy blocked the reply, the reply timeout expired, or the network connection was broken.

(firefox:10504): GLib-GIO-CRITICAL **: g_dbus_connection_register_object: assertion 'G_IS_DBUS_CONNECTION (connection)' failed

(firefox:10504): GLib-GIO-CRITICAL **: g_dbus_connection_register_object: assertion 'G_IS_DBUS_CONNECTION (connection)' failed

(firefox:10504): GLib-GIO-CRITICAL **: g_dbus_connection_get_unique_name: assertion 'G_IS_DBUS_CONNECTION (connection)' failed

(firefox:10504): GLib-GIO-CRITICAL **: g_dbus_connection_register_object: assertion 'G_IS_DBUS_CONNECTION (connection)' failed

(firefox:10504): GLib-GIO-CRITICAL **: g_dbus_connection_register_object: assertion 'G_IS_DBUS_CONNECTION (connection)' failed

(firefox:10504): GLib-GIO-CRITICAL **: g_dbus_connection_get_unique_name: assertion 'G_IS_DBUS_CONNECTION (connection)' failed

(firefox:10504): GConf-WARNING **: Client failed to connect to the D-BUS daemon:
Did not receive a reply. Possible causes include: the remote application did not send a reply, the message bus security policy blocked the reply, the reply timeout expired, or the network connection was broken.

(firefox:10504): GLib-GIO-CRITICAL **: g_dbus_connection_register_object: assertion 'G_IS_DBUS_CONNECTION (connection)' failed

(firefox:10504): GLib-GIO-CRITICAL **: g_dbus_connection_register_object: assertion 'G_IS_DBUS_CONNECTION (connection)' failed

(firefox:10504): GLib-GIO-CRITICAL **: g_dbus_connection_get_unique_name: assertion 'G_IS_DBUS_CONNECTION (connection)' failed

(firefox:10504): GLib-GIO-CRITICAL **: g_dbus_connection_register_object: assertion 'G_IS_DBUS_CONNECTION (connection)' failed

(firefox:10504): GLib-GIO-CRITICAL **: g_dbus_connection_register_object: assertion 'G_IS_DBUS_CONNECTION (connection)' failed

(firefox:10504): GLib-GIO-CRITICAL **: g_dbus_connection_get_unique_name: assertion 'G_IS_DBUS_CONNECTION (connection)' failed

(firefox:10504): GLib-GIO-CRITICAL **: g_dbus_connection_register_object: assertion 'G_IS_DBUS_CONNECTION (connection)' failed

(firefox:10504): GLib-GIO-CRITICAL **: g_dbus_connection_register_object: assertion 'G_IS_DBUS_CONNECTION (connection)' failed

(firefox:10504): GLib-GIO-CRITICAL **: g_dbus_connection_get_unique_name: assertion 'G_IS_DBUS_CONNECTION (connection)' failed

(firefox:10504): GLib-GIO-CRITICAL **: g_dbus_connection_register_object: assertion 'G_IS_DBUS_CONNECTION (connection)' failed

(firefox:10504): GLib-GIO-CRITICAL **: g_dbus_connection_register_object: assertion 'G_IS_DBUS_CONNECTION (connection)' failed

(firefox:10504): GLib-GIO-CRITICAL **: g_dbus_connection_get_unique_name: assertion 'G_IS_DBUS_CONNECTION (connection)' failed
1512972385430	addons.xpi	WARN	Add-on langpack-en-ZA@firefox.mozilla.org is not compatible with application version.
1512972385431	addons.xpi	WARN	Add-on langpack-en-GB@firefox.mozilla.org is not compatible with application version.
1512972789053	geckodriver	INFO	geckodriver 0.19.1
1512972789057	geckodriver	INFO	Listening on 127.0.0.1:38772
1512972790286	mozrunner::runner	INFO	Running command: "/usr/bin/firefox" "-marionette" "-profile" "/tmp/rust_mozprofile.KZmiOoBffjfh"
1512972792079	addons.xpi	WARN	Add-on langpack-en-ZA@firefox.mozilla.org is not compatible with application version.
1512972792079	addons.xpi	WARN	Add-on langpack-en-ZA@firefox.mozilla.org is not compatible with application version.
1512972792080	addons.xpi	WARN	Add-on langpack-en-ZA@firefox.mozilla.org is not compatible with application version.
1512972792088	addons.xpi	WARN	Add-on langpack-en-GB@firefox.mozilla.org is not compatible with application version.
1512972792088	addons.xpi	WARN	Add-on langpack-en-GB@firefox.mozilla.org is not compatible with application version.
1512972792088	addons.xpi	WARN	Add-on langpack-en-GB@firefox.mozilla.org is not compatible with application version.
1512972792775	Marionette	INFO	Enabled via --marionette

(firefox:11173): GLib-GIO-CRITICAL **: g_dbus_connection_register_object: assertion 'G_IS_DBUS_CONNECTION (connection)' failed

(firefox:11173): GLib-GIO-CRITICAL **: g_dbus_connection_register_object: assertion 'G_IS_DBUS_CONNECTION (connection)' failed

(firefox:11173): GLib-GIO-CRITICAL **: g_dbus_connection_get_unique_name: assertion 'G_IS_DBUS_CONNECTION (connection)' failed
1512972792986	addons.xpi	WARN	Add-on langpack-en-ZA@firefox.mozilla.org is not compatible with application version.
1512972792986	addons.xpi	WARN	Add-on langpack-en-GB@firefox.mozilla.org is not compatible with application version.
1512972792987	addons.xpi	WARN	Add-on langpack-en-ZA@firefox.mozilla.org is not compatible with application version.
1512972792987	addons.xpi	WARN	Add-on langpack-en-GB@firefox.mozilla.org is not compatible with application version.
1512972792989	addons.xpi	WARN	Add-on langpack-en-ZA@firefox.mozilla.org is not compatible with application version.
1512972792989	addons.xpi	WARN	Add-on langpack-en-GB@firefox.mozilla.org is not compatible with application version.
1512972793080	addons.xpi	WARN	Add-on langpack-en-ZA@firefox.mozilla.org is not compatible with application version.
1512972793080	addons.xpi	WARN	Add-on langpack-en-GB@firefox.mozilla.org is not compatible with application version.

(firefox:11173): GLib-GIO-CRITICAL **: g_dbus_connection_register_object: assertion 'G_IS_DBUS_CONNECTION (connection)' failed

(firefox:11173): GLib-GIO-CRITICAL **: g_dbus_connection_register_object: assertion 'G_IS_DBUS_CONNECTION (connection)' failed

(firefox:11173): GLib-GIO-CRITICAL **: g_dbus_connection_get_unique_name: assertion 'G_IS_DBUS_CONNECTION (connection)' failed

(firefox:11173): GConf-WARNING **: Client failed to connect to the D-BUS daemon:
Did not receive a reply. Possible causes include: the remote application did not send a reply, the message bus security policy blocked the reply, the reply timeout expired, or the network connection was broken.

(firefox:11173): LIBDBUSMENU-GLIB-WARNING **: Unable to get session bus: 连接已关闭

(firefox:11173): GConf-WARNING **: Client failed to connect to the D-BUS daemon:
Did not receive a reply. Possible causes include: the remote application did not send a reply, the message bus security policy blocked the reply, the reply timeout expired, or the network connection was broken.
1512972798922	Marionette	INFO	Listening on port 45116
1512972799028	Marionette	WARN	TLS certificate errors will be ignored for this session

(firefox:11173): GConf-WARNING **: Client failed to connect to the D-BUS daemon:
Did not receive a reply. Possible causes include: the remote application did not send a reply, the message bus security policy blocked the reply, the reply timeout expired, or the network connection was broken.
1512972799101	Marionette	DEBUG	Register listener.js for window 2147483649
1512972799544	Marionette	DEBUG	Received DOM event "beforeunload" for "about:blank"

(firefox:11173): GConf-WARNING **: Client failed to connect to the D-BUS daemon:
Did not receive a reply. Possible causes include: the remote application did not send a reply, the message bus security policy blocked the reply, the reply timeout expired, or the network connection was broken.
1512972807402	Marionette	DEBUG	Received DOM event "pagehide" for "about:blank"
1512972807402	Marionette	DEBUG	Received DOM event "unload" for "about:blank"
1512972807685	Marionette	DEBUG	Received DOM event "DOMContentLoaded" for "https://passport.weibo.cn/signin/login?entry=mweibo&r=http%3A%2F%2Fweibo.cn&"
1512972807691	Marionette	DEBUG	Received DOM event "pageshow" for "https://passport.weibo.cn/signin/login?entry=mweibo&r=http%3A%2F%2Fweibo.cn&"

(firefox:11173): GConf-WARNING **: Client failed to connect to the D-BUS daemon:
Did not receive a reply. Possible causes include: the remote application did not send a reply, the message bus security policy blocked the reply, the reply timeout expired, or the network connection was broken.
[Child 11226, Chrome_ChildThread] WARNING: pipe error (34): 连接被对方重设: file /build/firefox-bfYN6l/firefox-57.0.1+build2/ipc/chromium/src/chrome/common/ipc_channel_posix.cc, line 353
[Child 11226, Chrome_ChildThread] WARNING: pipe error (19): 连接被对方重设: file /build/firefox-bfYN6l/firefox-57.0.1+build2/ipc/chromium/src/chrome/common/ipc_channel_posix.cc, line 353
[Child 11226, Chrome_ChildThread] WARNING: pipe error (3): 连接被对方重设: file /build/firefox-bfYN6l/firefox-57.0.1+build2/ipc/chromium/src/chrome/common/ipc_channel_posix.cc, line 353

(firefox:10504): GConf-WARNING **: Client failed to connect to the D-BUS daemon:
Did not receive a reply. Possible causes include: the remote application did not send a reply, the message bus security policy blocked the reply, the reply timeout expired, or the network connection was broken.
1512972921461	geckodriver	INFO	geckodriver 0.19.1
1512972921465	geckodriver	INFO	Listening on 127.0.0.1:41708
1512972922636	mozrunner::runner	INFO	Running command: "/usr/bin/firefox" "-marionette" "-profile" "/tmp/rust_mozprofile.lIuH9vi8m86o"
1512972923608	addons.xpi	WARN	Add-on langpack-en-ZA@firefox.mozilla.org is not compatible with application version.
1512972923608	addons.xpi	WARN	Add-on langpack-en-ZA@firefox.mozilla.org is not compatible with application version.
1512972923609	addons.xpi	WARN	Add-on langpack-en-ZA@firefox.mozilla.org is not compatible with application version.
1512972923616	addons.xpi	WARN	Add-on langpack-en-GB@firefox.mozilla.org is not compatible with application version.
1512972923616	addons.xpi	WARN	Add-on langpack-en-GB@firefox.mozilla.org is not compatible with application version.
1512972923616	addons.xpi	WARN	Add-on langpack-en-GB@firefox.mozilla.org is not compatible with application version.
1512972923969	Marionette	INFO	Enabled via --marionette

(firefox:11380): GLib-GIO-CRITICAL **: g_dbus_connection_register_object: assertion 'G_IS_DBUS_CONNECTION (connection)' failed

(firefox:11380): GLib-GIO-CRITICAL **: g_dbus_connection_register_object: assertion 'G_IS_DBUS_CONNECTION (connection)' failed

(firefox:11380): GLib-GIO-CRITICAL **: g_dbus_connection_get_unique_name: assertion 'G_IS_DBUS_CONNECTION (connection)' failed
1512972924067	addons.xpi	WARN	Add-on langpack-en-ZA@firefox.mozilla.org is not compatible with application version.
1512972924067	addons.xpi	WARN	Add-on langpack-en-GB@firefox.mozilla.org is not compatible with application version.
1512972924068	addons.xpi	WARN	Add-on langpack-en-ZA@firefox.mozilla.org is not compatible with application version.
1512972924068	addons.xpi	WARN	Add-on langpack-en-GB@firefox.mozilla.org is not compatible with application version.
1512972924070	addons.xpi	WARN	Add-on langpack-en-ZA@firefox.mozilla.org is not compatible with application version.
1512972924070	addons.xpi	WARN	Add-on langpack-en-GB@firefox.mozilla.org is not compatible with application version.
1512972924109	addons.xpi	WARN	Add-on langpack-en-ZA@firefox.mozilla.org is not compatible with application version.
1512972924110	addons.xpi	WARN	Add-on langpack-en-GB@firefox.mozilla.org is not compatible with application version.

(firefox:11380): GLib-GIO-CRITICAL **: g_dbus_connection_register_object: assertion 'G_IS_DBUS_CONNECTION (connection)' failed

(firefox:11380): GLib-GIO-CRITICAL **: g_dbus_connection_register_object: assertion 'G_IS_DBUS_CONNECTION (connection)' failed

(firefox:11380): GLib-GIO-CRITICAL **: g_dbus_connection_get_unique_name: assertion 'G_IS_DBUS_CONNECTION (connection)' failed

(firefox:11380): GConf-WARNING **: Client failed to connect to the D-BUS daemon:
Did not receive a reply. Possible causes include: the remote application did not send a reply, the message bus security policy blocked the reply, the reply timeout expired, or the network connection was broken.

(firefox:11380): LIBDBUSMENU-GLIB-WARNING **: Unable to get session bus: 连接已关闭

(firefox:11380): GConf-WARNING **: Client failed to connect to the D-BUS daemon:
Did not receive a reply. Possible causes include: the remote application did not send a reply, the message bus security policy blocked the reply, the reply timeout expired, or the network connection was broken.
1512972926662	Marionette	INFO	Listening on port 44427
1512972926832	Marionette	WARN	TLS certificate errors will be ignored for this session

(firefox:11380): GConf-WARNING **: Client failed to connect to the D-BUS daemon:
Did not receive a reply. Possible causes include: the remote application did not send a reply, the message bus security policy blocked the reply, the reply timeout expired, or the network connection was broken.
1512972926916	Marionette	DEBUG	Register listener.js for window 2147483649
1512972926947	Marionette	DEBUG	Received DOM event "beforeunload" for "about:blank"

(firefox:11380): GConf-WARNING **: Client failed to connect to the D-BUS daemon:
Did not receive a reply. Possible causes include: the remote application did not send a reply, the message bus security policy blocked the reply, the reply timeout expired, or the network connection was broken.

(firefox:11380): GConf-WARNING **: Client failed to connect to the D-BUS daemon:
Did not receive a reply. Possible causes include: the remote application did not send a reply, the message bus security policy blocked the reply, the reply timeout expired, or the network connection was broken.
1512972928207	Marionette	DEBUG	Received DOM event "pagehide" for "about:blank"
1512972928207	Marionette	DEBUG	Received DOM event "unload" for "about:blank"
1512972928456	Marionette	DEBUG	Received DOM event "DOMContentLoaded" for "https://passport.weibo.cn/signin/login?entry=mweibo&r=http%3A%2F%2Fweibo.cn&"

(firefox:11380): GLib-GIO-CRITICAL **: g_dbus_connection_register_object: assertion 'G_IS_DBUS_CONNECTION (connection)' failed

(firefox:11380): GLib-GIO-CRITICAL **: g_dbus_connection_register_object: assertion 'G_IS_DBUS_CONNECTION (connection)' failed

(firefox:11380): GLib-GIO-CRITICAL **: g_dbus_connection_get_unique_name: assertion 'G_IS_DBUS_CONNECTION (connection)' failed
1512972928478	Marionette	DEBUG	Received DOM event "pageshow" for "https://passport.weibo.cn/signin/login?entry=mweibo&r=http%3A%2F%2Fweibo.cn&"

(firefox:11380): GConf-WARNING **: Client failed to connect to the D-BUS daemon:
Did not receive a reply. Possible causes include: the remote application did not send a reply, the message bus security policy blocked the reply, the reply timeout expired, or the network connection was broken.

(firefox:11380): GLib-GIO-CRITICAL **: g_dbus_connection_register_object: assertion 'G_IS_DBUS_CONNECTION (connection)' failed

(firefox:11380): GLib-GIO-CRITICAL **: g_dbus_connection_register_object: assertion 'G_IS_DBUS_CONNECTION (connection)' failed

(firefox:11380): GLib-GIO-CRITICAL **: g_dbus_connection_get_unique_name: assertion 'G_IS_DBUS_CONNECTION (connection)' failed
1512972991678	Marionette	DEBUG	Register listener.js for window 2147483654

(firefox:11380): GLib-GIO-CRITICAL **: g_dbus_connection_register_object: assertion 'G_IS_DBUS_CONNECTION (connection)' failed

(firefox:11380): GLib-GIO-CRITICAL **: g_dbus_connection_register_object: assertion 'G_IS_DBUS_CONNECTION (connection)' failed

(firefox:11380): GLib-GIO-CRITICAL **: g_dbus_connection_get_unique_name: assertion 'G_IS_DBUS_CONNECTION (connection)' failed

(firefox:11380): GConf-WARNING **: Client failed to connect to the D-BUS daemon:
Did not receive a reply. Possible causes include: the remote application did not send a reply, the message bus security policy blocked the reply, the reply timeout expired, or the network connection was broken.

(firefox:11380): GLib-GIO-CRITICAL **: g_dbus_connection_register_object: assertion 'G_IS_DBUS_CONNECTION (connection)' failed

(firefox:11380): GLib-GIO-CRITICAL **: g_dbus_connection_register_object: assertion 'G_IS_DBUS_CONNECTION (connection)' failed

(firefox:11380): GLib-GIO-CRITICAL **: g_dbus_connection_get_unique_name: assertion 'G_IS_DBUS_CONNECTION (connection)' failed

(firefox:11380): GLib-GIO-CRITICAL **: g_dbus_connection_register_object: assertion 'G_IS_DBUS_CONNECTION (connection)' failed

(firefox:11380): GLib-GIO-CRITICAL **: g_dbus_connection_register_object: assertion 'G_IS_DBUS_CONNECTION (connection)' failed

(firefox:11380): GLib-GIO-CRITICAL **: g_dbus_connection_get_unique_name: assertion 'G_IS_DBUS_CONNECTION (connection)' failed

(firefox:11380): GConf-WARNING **: Client failed to connect to the D-BUS daemon:
Did not receive a reply. Possible causes include: the remote application did not send a reply, the message bus security policy blocked the reply, the reply timeout expired, or the network connection was broken.

(firefox:11380): GConf-WARNING **: Client failed to connect to the D-BUS daemon:
Did not receive a reply. Possible causes include: the remote application did not send a reply, the message bus security policy blocked the reply, the reply timeout expired, or the network connection was broken.

(firefox:11380): GConf-WARNING **: Client failed to connect to the D-BUS daemon:
Did not receive a reply. Possible causes include: the remote application did not send a reply, the message bus security policy blocked the reply, the reply timeout expired, or the network connection was broken.

(firefox:11380): GLib-GIO-CRITICAL **: g_dbus_connection_register_object: assertion 'G_IS_DBUS_CONNECTION (connection)' failed

(firefox:11380): GLib-GIO-CRITICAL **: g_dbus_connection_register_object: assertion 'G_IS_DBUS_CONNECTION (connection)' failed

(firefox:11380): GLib-GIO-CRITICAL **: g_dbus_connection_get_unique_name: assertion 'G_IS_DBUS_CONNECTION (connection)' failed

(firefox:11380): GLib-GIO-CRITICAL **: g_dbus_connection_register_object: assertion 'G_IS_DBUS_CONNECTION (connection)' failed

(firefox:11380): GLib-GIO-CRITICAL **: g_dbus_connection_register_object: assertion 'G_IS_DBUS_CONNECTION (connection)' failed

(firefox:11380): GLib-GIO-CRITICAL **: g_dbus_connection_get_unique_name: assertion 'G_IS_DBUS_CONNECTION (connection)' failed

(firefox:11380): GLib-GIO-CRITICAL **: g_dbus_connection_register_object: assertion 'G_IS_DBUS_CONNECTION (connection)' failed

(firefox:11380): GLib-GIO-CRITICAL **: g_dbus_connection_register_object: assertion 'G_IS_DBUS_CONNECTION (connection)' failed

(firefox:11380): GLib-GIO-CRITICAL **: g_dbus_connection_get_unique_name: assertion 'G_IS_DBUS_CONNECTION (connection)' failed

(firefox:11380): GLib-GIO-CRITICAL **: g_dbus_connection_register_object: assertion 'G_IS_DBUS_CONNECTION (connection)' failed

(firefox:11380): GLib-GIO-CRITICAL **: g_dbus_connection_register_object: assertion 'G_IS_DBUS_CONNECTION (connection)' failed

(firefox:11380): GLib-GIO-CRITICAL **: g_dbus_connection_get_unique_name: assertion 'G_IS_DBUS_CONNECTION (connection)' failed
1512973006899	Marionette	DEBUG	Register listener.js for window 2147483657

(firefox:11380): GConf-WARNING **: Client failed to connect to the D-BUS daemon:
Did not receive a reply. Possible causes include: the remote application did not send a reply, the message bus security policy blocked the reply, the reply timeout expired, or the network connection was broken.
1512973242544	geckodriver	INFO	geckodriver 0.19.1
1512973242549	geckodriver	INFO	Listening on 127.0.0.1:60948
1512973243706	mozrunner::runner	INFO	Running command: "/usr/bin/firefox" "-marionette" "-profile" "/tmp/rust_mozprofile.ooJA8lr95TjQ"
1512973244055	addons.xpi	WARN	Add-on langpack-en-ZA@firefox.mozilla.org is not compatible with application version.
1512973244056	addons.xpi	WARN	Add-on langpack-en-ZA@firefox.mozilla.org is not compatible with application version.
1512973244056	addons.xpi	WARN	Add-on langpack-en-ZA@firefox.mozilla.org is not compatible with application version.
1512973244063	addons.xpi	WARN	Add-on langpack-en-GB@firefox.mozilla.org is not compatible with application version.
1512973244063	addons.xpi	WARN	Add-on langpack-en-GB@firefox.mozilla.org is not compatible with application version.
1512973244063	addons.xpi	WARN	Add-on langpack-en-GB@firefox.mozilla.org is not compatible with application version.
1512973244983	Marionette	INFO	Enabled via --marionette

(firefox:11636): GLib-GIO-CRITICAL **: g_dbus_connection_register_object: assertion 'G_IS_DBUS_CONNECTION (connection)' failed

(firefox:11636): GLib-GIO-CRITICAL **: g_dbus_connection_register_object: assertion 'G_IS_DBUS_CONNECTION (connection)' failed

(firefox:11636): GLib-GIO-CRITICAL **: g_dbus_connection_get_unique_name: assertion 'G_IS_DBUS_CONNECTION (connection)' failed
1512973245034	addons.xpi	WARN	Add-on langpack-en-ZA@firefox.mozilla.org is not compatible with application version.
1512973245034	addons.xpi	WARN	Add-on langpack-en-GB@firefox.mozilla.org is not compatible with application version.
1512973245035	addons.xpi	WARN	Add-on langpack-en-ZA@firefox.mozilla.org is not compatible with application version.
1512973245035	addons.xpi	WARN	Add-on langpack-en-GB@firefox.mozilla.org is not compatible with application version.
1512973245037	addons.xpi	WARN	Add-on langpack-en-ZA@firefox.mozilla.org is not compatible with application version.
1512973245037	addons.xpi	WARN	Add-on langpack-en-GB@firefox.mozilla.org is not compatible with application version.
1512973245061	addons.xpi	WARN	Add-on langpack-en-ZA@firefox.mozilla.org is not compatible with application version.
1512973245061	addons.xpi	WARN	Add-on langpack-en-GB@firefox.mozilla.org is not compatible with application version.

(firefox:11636): GLib-GIO-CRITICAL **: g_dbus_connection_register_object: assertion 'G_IS_DBUS_CONNECTION (connection)' failed

(firefox:11636): GLib-GIO-CRITICAL **: g_dbus_connection_register_object: assertion 'G_IS_DBUS_CONNECTION (connection)' failed

(firefox:11636): GLib-GIO-CRITICAL **: g_dbus_connection_get_unique_name: assertion 'G_IS_DBUS_CONNECTION (connection)' failed

(firefox:11636): GConf-WARNING **: Client failed to connect to the D-BUS daemon:
Did not receive a reply. Possible causes include: the remote application did not send a reply, the message bus security policy blocked the reply, the reply timeout expired, or the network connection was broken.

(firefox:11636): LIBDBUSMENU-GLIB-WARNING **: Unable to get session bus: 连接已关闭

(firefox:11636): GConf-WARNING **: Client failed to connect to the D-BUS daemon:
Did not receive a reply. Possible causes include: the remote application did not send a reply, the message bus security policy blocked the reply, the reply timeout expired, or the network connection was broken.
1512973247511	Marionette	INFO	Listening on port 39152
1512973247525	Marionette	WARN	TLS certificate errors will be ignored for this session
1512973247597	Marionette	DEBUG	Register listener.js for window 2147483649
1512973247775	Marionette	DEBUG	Received DOM event "beforeunload" for "about:blank"

(firefox:11636): GConf-WARNING **: Client failed to connect to the D-BUS daemon:
Did not receive a reply. Possible causes include: the remote application did not send a reply, the message bus security policy blocked the reply, the reply timeout expired, or the network connection was broken.

(firefox:11636): GConf-WARNING **: Client failed to connect to the D-BUS daemon:
Did not receive a reply. Possible causes include: the remote application did not send a reply, the message bus security policy blocked the reply, the reply timeout expired, or the network connection was broken.

(firefox:11636): GConf-WARNING **: Client failed to connect to the D-BUS daemon:
Did not receive a reply. Possible causes include: the remote application did not send a reply, the message bus security policy blocked the reply, the reply timeout expired, or the network connection was broken.
1512973250442	Marionette	DEBUG	Received DOM event "pagehide" for "about:blank"
1512973250442	Marionette	DEBUG	Received DOM event "unload" for "about:blank"
1512973250666	Marionette	DEBUG	Received DOM event "DOMContentLoaded" for "https://passport.weibo.cn/signin/login?entry=mweibo&r=http%3A%2F%2Fweibo.cn&"
1512973250692	Marionette	DEBUG	Received DOM event "pageshow" for "https://passport.weibo.cn/signin/login?entry=mweibo&r=http%3A%2F%2Fweibo.cn&"

(firefox:11636): GConf-WARNING **: Client failed to connect to the D-BUS daemon:
Did not receive a reply. Possible causes include: the remote application did not send a reply, the message bus security policy blocked the reply, the reply timeout expired, or the network connection was broken.
1512973296272	Marionette	DEBUG	Canceled page load listener because no navigation has been detected
[Child 11689, Chrome_ChildThread] WARNING: pipe error (34): 连接被对方重设: file /build/firefox-bfYN6l/firefox-57.0.1+build2/ipc/chromium/src/chrome/common/ipc_channel_posix.cc, line 353
[Child 11689, Chrome_ChildThread] WARNING: pipe error (19): 连接被对方重设: file /build/firefox-bfYN6l/firefox-57.0.1+build2/ipc/chromium/src/chrome/common/ipc_channel_posix.cc, line 353
[Child 11689, Chrome_ChildThread] WARNING: pipe error (3): 连接被对方重设: file /build/firefox-bfYN6l/firefox-57.0.1+build2/ipc/chromium/src/chrome/common/ipc_channel_posix.cc, line 353
1512973395745	geckodriver	INFO	geckodriver 0.19.1
1512973395749	geckodriver	INFO	Listening on 127.0.0.1:36865
1512973396911	mozrunner::runner	INFO	Running command: "/usr/bin/firefox" "-marionette" "-profile" "/tmp/rust_mozprofile.kMu7xbX1BIpU"
1512973397472	addons.xpi	WARN	Add-on langpack-en-ZA@firefox.mozilla.org is not compatible with application version.
1512973397473	addons.xpi	WARN	Add-on langpack-en-ZA@firefox.mozilla.org is not compatible with application version.
1512973397473	addons.xpi	WARN	Add-on langpack-en-ZA@firefox.mozilla.org is not compatible with application version.
1512973397480	addons.xpi	WARN	Add-on langpack-en-GB@firefox.mozilla.org is not compatible with application version.
1512973397480	addons.xpi	WARN	Add-on langpack-en-GB@firefox.mozilla.org is not compatible with application version.
1512973397480	addons.xpi	WARN	Add-on langpack-en-GB@firefox.mozilla.org is not compatible with application version.
1512973397937	Marionette	INFO	Enabled via --marionette

(firefox:11842): GLib-GIO-CRITICAL **: g_dbus_connection_register_object: assertion 'G_IS_DBUS_CONNECTION (connection)' failed

(firefox:11842): GLib-GIO-CRITICAL **: g_dbus_connection_register_object: assertion 'G_IS_DBUS_CONNECTION (connection)' failed

(firefox:11842): GLib-GIO-CRITICAL **: g_dbus_connection_get_unique_name: assertion 'G_IS_DBUS_CONNECTION (connection)' failed
1512973398010	addons.xpi	WARN	Add-on langpack-en-ZA@firefox.mozilla.org is not compatible with application version.
1512973398010	addons.xpi	WARN	Add-on langpack-en-GB@firefox.mozilla.org is not compatible with application version.
1512973398011	addons.xpi	WARN	Add-on langpack-en-ZA@firefox.mozilla.org is not compatible with application version.
1512973398011	addons.xpi	WARN	Add-on langpack-en-GB@firefox.mozilla.org is not compatible with application version.
1512973398013	addons.xpi	WARN	Add-on langpack-en-ZA@firefox.mozilla.org is not compatible with application version.
1512973398013	addons.xpi	WARN	Add-on langpack-en-GB@firefox.mozilla.org is not compatible with application version.
1512973398038	addons.xpi	WARN	Add-on langpack-en-ZA@firefox.mozilla.org is not compatible with application version.
1512973398038	addons.xpi	WARN	Add-on langpack-en-GB@firefox.mozilla.org is not compatible with application version.

(firefox:11842): GLib-GIO-CRITICAL **: g_dbus_connection_register_object: assertion 'G_IS_DBUS_CONNECTION (connection)' failed

(firefox:11842): GLib-GIO-CRITICAL **: g_dbus_connection_register_object: assertion 'G_IS_DBUS_CONNECTION (connection)' failed

(firefox:11842): GLib-GIO-CRITICAL **: g_dbus_connection_get_unique_name: assertion 'G_IS_DBUS_CONNECTION (connection)' failed

(firefox:11842): GConf-WARNING **: Client failed to connect to the D-BUS daemon:
Did not receive a reply. Possible causes include: the remote application did not send a reply, the message bus security policy blocked the reply, the reply timeout expired, or the network connection was broken.

(firefox:11842): LIBDBUSMENU-GLIB-WARNING **: Unable to get session bus: 连接已关闭

(firefox:11842): GConf-WARNING **: Client failed to connect to the D-BUS daemon:
Did not receive a reply. Possible causes include: the remote application did not send a reply, the message bus security policy blocked the reply, the reply timeout expired, or the network connection was broken.
1512973400851	Marionette	INFO	Listening on port 40620
1512973401000	Marionette	WARN	TLS certificate errors will be ignored for this session
1512973401081	Marionette	DEBUG	Register listener.js for window 2147483649
1512973401119	Marionette	DEBUG	Received DOM event "beforeunload" for "about:blank"

(firefox:11842): GConf-WARNING **: Client failed to connect to the D-BUS daemon:
Did not receive a reply. Possible causes include: the remote application did not send a reply, the message bus security policy blocked the reply, the reply timeout expired, or the network connection was broken.

(firefox:11842): GConf-WARNING **: Client failed to connect to the D-BUS daemon:
Did not receive a reply. Possible causes include: the remote application did not send a reply, the message bus security policy blocked the reply, the reply timeout expired, or the network connection was broken.

(firefox:11842): GConf-WARNING **: Client failed to connect to the D-BUS daemon:
Did not receive a reply. Possible causes include: the remote application did not send a reply, the message bus security policy blocked the reply, the reply timeout expired, or the network connection was broken.
1512973403492	Marionette	DEBUG	Received DOM event "pagehide" for "about:blank"
1512973403492	Marionette	DEBUG	Received DOM event "unload" for "about:blank"
1512973403760	Marionette	DEBUG	Received DOM event "DOMContentLoaded" for "https://passport.weibo.cn/signin/login?entry=mweibo&r=http%3A%2F%2Fweibo.cn&"
1512973403768	Marionette	DEBUG	Received DOM event "pageshow" for "https://passport.weibo.cn/signin/login?entry=mweibo&r=http%3A%2F%2Fweibo.cn&"
1512973405548	Marionette	DEBUG	Canceled page load listener because no navigation has been detected
[Child 11894, Chrome_ChildThread] WARNING: pipe error (20): 连接被对方重设: file /build/firefox-bfYN6l/firefox-57.0.1+build2/ipc/chromium/src/chrome/common/ipc_channel_posix.cc, line 353
[Child 11894, Chrome_ChildThread] WARNING: pipe error (3): 连接被对方重设: file /build/firefox-bfYN6l/firefox-57.0.1+build2/ipc/chromium/src/chrome/common/ipc_channel_posix.cc, line 353
1512975597002	geckodriver	INFO	geckodriver 0.19.1
1512975597010	geckodriver	INFO	Listening on 127.0.0.1:43173
1512975598229	mozrunner::runner	INFO	Running command: "/usr/bin/firefox" "-marionette" "-profile" "/tmp/rust_mozprofile.eZOVH6ZECkP4"
1512975600188	addons.xpi	WARN	Add-on langpack-en-ZA@firefox.mozilla.org is not compatible with application version.
1512975600188	addons.xpi	WARN	Add-on langpack-en-ZA@firefox.mozilla.org is not compatible with application version.
1512975600188	addons.xpi	WARN	Add-on langpack-en-ZA@firefox.mozilla.org is not compatible with application version.
1512975600196	addons.xpi	WARN	Add-on langpack-en-GB@firefox.mozilla.org is not compatible with application version.
1512975600196	addons.xpi	WARN	Add-on langpack-en-GB@firefox.mozilla.org is not compatible with application version.
1512975600196	addons.xpi	WARN	Add-on langpack-en-GB@firefox.mozilla.org is not compatible with application version.
1512975600583	Marionette	INFO	Enabled via --marionette

(firefox:12773): GLib-GIO-CRITICAL **: g_dbus_connection_register_object: assertion 'G_IS_DBUS_CONNECTION (connection)' failed

(firefox:12773): GLib-GIO-CRITICAL **: g_dbus_connection_register_object: assertion 'G_IS_DBUS_CONNECTION (connection)' failed

(firefox:12773): GLib-GIO-CRITICAL **: g_dbus_connection_get_unique_name: assertion 'G_IS_DBUS_CONNECTION (connection)' failed
1512975600699	addons.xpi	WARN	Add-on langpack-en-ZA@firefox.mozilla.org is not compatible with application version.
1512975600699	addons.xpi	WARN	Add-on langpack-en-GB@firefox.mozilla.org is not compatible with application version.
1512975600699	addons.xpi	WARN	Add-on langpack-en-ZA@firefox.mozilla.org is not compatible with application version.
1512975600700	addons.xpi	WARN	Add-on langpack-en-GB@firefox.mozilla.org is not compatible with application version.
1512975600702	addons.xpi	WARN	Add-on langpack-en-ZA@firefox.mozilla.org is not compatible with application version.
1512975600702	addons.xpi	WARN	Add-on langpack-en-GB@firefox.mozilla.org is not compatible with application version.
1512975600796	addons.xpi	WARN	Add-on langpack-en-ZA@firefox.mozilla.org is not compatible with application version.
1512975600796	addons.xpi	WARN	Add-on langpack-en-GB@firefox.mozilla.org is not compatible with application version.

(firefox:12773): GLib-GIO-CRITICAL **: g_dbus_connection_register_object: assertion 'G_IS_DBUS_CONNECTION (connection)' failed

(firefox:12773): GLib-GIO-CRITICAL **: g_dbus_connection_register_object: assertion 'G_IS_DBUS_CONNECTION (connection)' failed

(firefox:12773): GLib-GIO-CRITICAL **: g_dbus_connection_get_unique_name: assertion 'G_IS_DBUS_CONNECTION (connection)' failed

(firefox:12773): GConf-WARNING **: Client failed to connect to the D-BUS daemon:
Did not receive a reply. Possible causes include: the remote application did not send a reply, the message bus security policy blocked the reply, the reply timeout expired, or the network connection was broken.

(firefox:12773): LIBDBUSMENU-GLIB-WARNING **: Unable to get session bus: 连接已关闭

(firefox:12773): GConf-WARNING **: Client failed to connect to the D-BUS daemon:
Did not receive a reply. Possible causes include: the remote application did not send a reply, the message bus security policy blocked the reply, the reply timeout expired, or the network connection was broken.
1512975604521	Marionette	INFO	Listening on port 36395

(firefox:12773): GLib-GIO-CRITICAL **: g_dbus_connection_register_object: assertion 'G_IS_DBUS_CONNECTION (connection)' failed

(firefox:12773): GLib-GIO-CRITICAL **: g_dbus_connection_register_object: assertion 'G_IS_DBUS_CONNECTION (connection)' failed

(firefox:12773): GLib-GIO-CRITICAL **: g_dbus_connection_get_unique_name: assertion 'G_IS_DBUS_CONNECTION (connection)' failed
1512975604590	Marionette	WARN	TLS certificate errors will be ignored for this session
1512975604660	Marionette	DEBUG	Register listener.js for window 2147483649
1512975605272	Marionette	DEBUG	Received DOM event "beforeunload" for "about:blank"

(firefox:12773): GConf-WARNING **: Client failed to connect to the D-BUS daemon:
Did not receive a reply. Possible causes include: the remote application did not send a reply, the message bus security policy blocked the reply, the reply timeout expired, or the network connection was broken.
1512975606100	Marionette	DEBUG	Received DOM event "pagehide" for "about:blank"
1512975606101	Marionette	DEBUG	Received DOM event "unload" for "about:blank"

(firefox:12773): GConf-WARNING **: Client failed to connect to the D-BUS daemon:
Did not receive a reply. Possible causes include: the remote application did not send a reply, the message bus security policy blocked the reply, the reply timeout expired, or the network connection was broken.
1512975611419	Marionette	DEBUG	Received DOM event "DOMContentLoaded" for "https://passport.weibo.cn/signin/login?entry=mweibo&r=http%3A%2F%2Fweibo.cn&"
1512975611432	Marionette	DEBUG	Received DOM event "pageshow" for "https://passport.weibo.cn/signin/login?entry=mweibo&r=http%3A%2F%2Fweibo.cn&"
1512975644499	geckodriver	INFO	geckodriver 0.19.1
1512975644502	geckodriver	INFO	Listening on 127.0.0.1:60421
1512975645733	mozrunner::runner	INFO	Running command: "/usr/bin/firefox" "-marionette" "-profile" "/tmp/rust_mozprofile.tQKsVAAz4vJ5"
1512975646759	addons.xpi	WARN	Add-on langpack-en-ZA@firefox.mozilla.org is not compatible with application version.
1512975646760	addons.xpi	WARN	Add-on langpack-en-ZA@firefox.mozilla.org is not compatible with application version.
1512975646760	addons.xpi	WARN	Add-on langpack-en-ZA@firefox.mozilla.org is not compatible with application version.
1512975646767	addons.xpi	WARN	Add-on langpack-en-GB@firefox.mozilla.org is not compatible with application version.
1512975646767	addons.xpi	WARN	Add-on langpack-en-GB@firefox.mozilla.org is not compatible with application version.
1512975646768	addons.xpi	WARN	Add-on langpack-en-GB@firefox.mozilla.org is not compatible with application version.
1512975647314	Marionette	INFO	Enabled via --marionette

(firefox:12933): GLib-GIO-CRITICAL **: g_dbus_connection_register_object: assertion 'G_IS_DBUS_CONNECTION (connection)' failed

(firefox:12933): GLib-GIO-CRITICAL **: g_dbus_connection_register_object: assertion 'G_IS_DBUS_CONNECTION (connection)' failed

(firefox:12933): GLib-GIO-CRITICAL **: g_dbus_connection_get_unique_name: assertion 'G_IS_DBUS_CONNECTION (connection)' failed
1512975647503	addons.xpi	WARN	Add-on langpack-en-ZA@firefox.mozilla.org is not compatible with application version.
1512975647503	addons.xpi	WARN	Add-on langpack-en-GB@firefox.mozilla.org is not compatible with application version.
1512975647504	addons.xpi	WARN	Add-on langpack-en-ZA@firefox.mozilla.org is not compatible with application version.
1512975647504	addons.xpi	WARN	Add-on langpack-en-GB@firefox.mozilla.org is not compatible with application version.
1512975647506	addons.xpi	WARN	Add-on langpack-en-ZA@firefox.mozilla.org is not compatible with application version.
1512975647506	addons.xpi	WARN	Add-on langpack-en-GB@firefox.mozilla.org is not compatible with application version.
1512975647550	addons.xpi	WARN	Add-on langpack-en-ZA@firefox.mozilla.org is not compatible with application version.
1512975647550	addons.xpi	WARN	Add-on langpack-en-GB@firefox.mozilla.org is not compatible with application version.

(firefox:12933): GLib-GIO-CRITICAL **: g_dbus_connection_register_object: assertion 'G_IS_DBUS_CONNECTION (connection)' failed

(firefox:12933): GLib-GIO-CRITICAL **: g_dbus_connection_register_object: assertion 'G_IS_DBUS_CONNECTION (connection)' failed

(firefox:12933): GLib-GIO-CRITICAL **: g_dbus_connection_get_unique_name: assertion 'G_IS_DBUS_CONNECTION (connection)' failed

(firefox:12933): GConf-WARNING **: Client failed to connect to the D-BUS daemon:
Did not receive a reply. Possible causes include: the remote application did not send a reply, the message bus security policy blocked the reply, the reply timeout expired, or the network connection was broken.

(firefox:12933): LIBDBUSMENU-GLIB-WARNING **: Unable to get session bus: 连接已关闭

(firefox:12933): GConf-WARNING **: Client failed to connect to the D-BUS daemon:
Did not receive a reply. Possible causes include: the remote application did not send a reply, the message bus security policy blocked the reply, the reply timeout expired, or the network connection was broken.
1512975650276	Marionette	INFO	Listening on port 44456
1512975650485	Marionette	WARN	TLS certificate errors will be ignored for this session
1512975650571	Marionette	DEBUG	Register listener.js for window 2147483649

(firefox:12933): GConf-WARNING **: Client failed to connect to the D-BUS daemon:
Did not receive a reply. Possible causes include: the remote application did not send a reply, the message bus security policy blocked the reply, the reply timeout expired, or the network connection was broken.
1512975650599	Marionette	DEBUG	Received DOM event "beforeunload" for "about:blank"

(firefox:12933): GConf-WARNING **: Client failed to connect to the D-BUS daemon:
Did not receive a reply. Possible causes include: the remote application did not send a reply, the message bus security policy blocked the reply, the reply timeout expired, or the network connection was broken.

(firefox:12933): GConf-WARNING **: Client failed to connect to the D-BUS daemon:
Did not receive a reply. Possible causes include: the remote application did not send a reply, the message bus security policy blocked the reply, the reply timeout expired, or the network connection was broken.
1512975655983	Marionette	DEBUG	Received DOM event "pagehide" for "about:blank"
1512975655984	Marionette	DEBUG	Received DOM event "unload" for "about:blank"
1512975656249	Marionette	DEBUG	Received DOM event "DOMContentLoaded" for "https://passport.weibo.cn/signin/login?entry=mweibo&r=http%3A%2F%2Fweibo.cn&"
1512975656254	Marionette	DEBUG	Received DOM event "pageshow" for "https://passport.weibo.cn/signin/login?entry=mweibo&r=http%3A%2F%2Fweibo.cn&"
1512975658152	Marionette	DEBUG	Canceled page load listener because no navigation has been detected
[Child 12988, Chrome_ChildThread] WARNING: pipe error (19): 连接被对方重设: file /build/firefox-bfYN6l/firefox-57.0.1+build2/ipc/chromium/src/chrome/common/ipc_channel_posix.cc, line 353
[Child 12988, Chrome_ChildThread] WARNING: pipe error (3): 连接被对方重设: file /build/firefox-bfYN6l/firefox-57.0.1+build2/ipc/chromium/src/chrome/common/ipc_channel_posix.cc, line 353
