1512982473545	geckodriver	INFO	geckodriver 0.19.1
1512982473567	geckodriver	INFO	Listening on 127.0.0.1:34311
1512982474562	mozrunner::runner	INFO	Running command: "/usr/bin/firefox" "-marionette" "-profile" "/tmp/rust_mozprofile.M4PENBlxYE1r"
1512982478472	addons.xpi	WARN	Add-on langpack-en-ZA@firefox.mozilla.org is not compatible with application version.
1512982478472	addons.xpi	WARN	Add-on langpack-en-ZA@firefox.mozilla.org is not compatible with application version.
1512982478472	addons.xpi	WARN	Add-on langpack-en-ZA@firefox.mozilla.org is not compatible with application version.
1512982478480	addons.xpi	WARN	Add-on langpack-en-GB@firefox.mozilla.org is not compatible with application version.
1512982478481	addons.xpi	WARN	Add-on langpack-en-GB@firefox.mozilla.org is not compatible with application version.
1512982478481	addons.xpi	WARN	Add-on langpack-en-GB@firefox.mozilla.org is not compatible with application version.
1512982479607	Marionette	INFO	Enabled via --marionette

(firefox:18148): GLib-GIO-CRITICAL **: g_dbus_connection_register_object: assertion 'G_IS_DBUS_CONNECTION (connection)' failed

(firefox:18148): GLib-GIO-CRITICAL **: g_dbus_connection_register_object: assertion 'G_IS_DBUS_CONNECTION (connection)' failed

(firefox:18148): GLib-GIO-CRITICAL **: g_dbus_connection_get_unique_name: assertion 'G_IS_DBUS_CONNECTION (connection)' failed
1512982480171	addons.xpi	WARN	Add-on langpack-en-ZA@firefox.mozilla.org is not compatible with application version.
1512982480171	addons.xpi	WARN	Add-on langpack-en-GB@firefox.mozilla.org is not compatible with application version.
1512982480172	addons.xpi	WARN	Add-on langpack-en-ZA@firefox.mozilla.org is not compatible with application version.
1512982480172	addons.xpi	WARN	Add-on langpack-en-GB@firefox.mozilla.org is not compatible with application version.
1512982480174	addons.xpi	WARN	Add-on langpack-en-ZA@firefox.mozilla.org is not compatible with application version.
1512982480174	addons.xpi	WARN	Add-on langpack-en-GB@firefox.mozilla.org is not compatible with application version.
1512982480332	addons.xpi	WARN	Add-on langpack-en-ZA@firefox.mozilla.org is not compatible with application version.
1512982480332	addons.xpi	WARN	Add-on langpack-en-GB@firefox.mozilla.org is not compatible with application version.

(firefox:18148): GLib-GIO-CRITICAL **: g_dbus_connection_register_object: assertion 'G_IS_DBUS_CONNECTION (connection)' failed

(firefox:18148): GLib-GIO-CRITICAL **: g_dbus_connection_register_object: assertion 'G_IS_DBUS_CONNECTION (connection)' failed

(firefox:18148): GLib-GIO-CRITICAL **: g_dbus_connection_get_unique_name: assertion 'G_IS_DBUS_CONNECTION (connection)' failed

(firefox:18148): GConf-WARNING **: Client failed to connect to the D-BUS daemon:
Did not receive a reply. Possible causes include: the remote application did not send a reply, the message bus security policy blocked the reply, the reply timeout expired, or the network connection was broken.

(firefox:18148): LIBDBUSMENU-GLIB-WARNING **: Unable to get session bus: 连接已关闭

(firefox:18148): GConf-WARNING **: Client failed to connect to the D-BUS daemon:
Did not receive a reply. Possible causes include: the remote application did not send a reply, the message bus security policy blocked the reply, the reply timeout expired, or the network connection was broken.

(firefox:18148): GLib-GIO-CRITICAL **: g_dbus_connection_register_object: assertion 'G_IS_DBUS_CONNECTION (connection)' failed

(firefox:18148): GLib-GIO-CRITICAL **: g_dbus_connection_register_object: assertion 'G_IS_DBUS_CONNECTION (connection)' failed

(firefox:18148): GLib-GIO-CRITICAL **: g_dbus_connection_get_unique_name: assertion 'G_IS_DBUS_CONNECTION (connection)' failed
1512982492127	Marionette	INFO	Listening on port 37149
1512982492515	Marionette	WARN	TLS certificate errors will be ignored for this session

(firefox:18148): GConf-WARNING **: Client failed to connect to the D-BUS daemon:
Did not receive a reply. Possible causes include: the remote application did not send a reply, the message bus security policy blocked the reply, the reply timeout expired, or the network connection was broken.
1512982492580	Marionette	DEBUG	Register listener.js for window 2147483649

(firefox:18148): GConf-WARNING **: Client failed to connect to the D-BUS daemon:
Did not receive a reply. Possible causes include: the remote application did not send a reply, the message bus security policy blocked the reply, the reply timeout expired, or the network connection was broken.
1512982496195	Marionette	DEBUG	Received DOM event "beforeunload" for "about:blank"
1512982497078	Marionette	DEBUG	Received DOM event "pagehide" for "about:blank"
1512982497078	Marionette	DEBUG	Received DOM event "unload" for "about:blank"
1512982497488	Marionette	DEBUG	Received DOM event "DOMContentLoaded" for "https://passport.weibo.cn/signin/login?entry=mweibo&r=http%3A%2F%2Fweibo.cn&"
1512982497501	Marionette	DEBUG	Received DOM event "pageshow" for "https://passport.weibo.cn/signin/login?entry=mweibo&r=http%3A%2F%2Fweibo.cn&"

(firefox:18148): GConf-WARNING **: Client failed to connect to the D-BUS daemon:
Did not receive a reply. Possible causes include: the remote application did not send a reply, the message bus security policy blocked the reply, the reply timeout expired, or the network connection was broken.
1512982576510	geckodriver	INFO	geckodriver 0.19.1
1512982576515	geckodriver	INFO	Listening on 127.0.0.1:53698
1512982577753	mozrunner::runner	INFO	Running command: "/usr/bin/firefox" "-marionette" "-profile" "/tmp/rust_mozprofile.JzoH7RQDHEBt"
1512982578894	addons.xpi	WARN	Add-on langpack-en-ZA@firefox.mozilla.org is not compatible with application version.
1512982578894	addons.xpi	WARN	Add-on langpack-en-ZA@firefox.mozilla.org is not compatible with application version.
1512982578894	addons.xpi	WARN	Add-on langpack-en-ZA@firefox.mozilla.org is not compatible with application version.
1512982578902	addons.xpi	WARN	Add-on langpack-en-GB@firefox.mozilla.org is not compatible with application version.
1512982578902	addons.xpi	WARN	Add-on langpack-en-GB@firefox.mozilla.org is not compatible with application version.
1512982578903	addons.xpi	WARN	Add-on langpack-en-GB@firefox.mozilla.org is not compatible with application version.
1512982579548	Marionette	INFO	Enabled via --marionette

(firefox:18319): GLib-GIO-CRITICAL **: g_dbus_connection_register_object: assertion 'G_IS_DBUS_CONNECTION (connection)' failed

(firefox:18319): GLib-GIO-CRITICAL **: g_dbus_connection_register_object: assertion 'G_IS_DBUS_CONNECTION (connection)' failed

(firefox:18319): GLib-GIO-CRITICAL **: g_dbus_connection_get_unique_name: assertion 'G_IS_DBUS_CONNECTION (connection)' failed
1512982580757	addons.xpi	WARN	Add-on langpack-en-ZA@firefox.mozilla.org is not compatible with application version.
1512982580757	addons.xpi	WARN	Add-on langpack-en-GB@firefox.mozilla.org is not compatible with application version.
1512982580758	addons.xpi	WARN	Add-on langpack-en-ZA@firefox.mozilla.org is not compatible with application version.
1512982580758	addons.xpi	WARN	Add-on langpack-en-GB@firefox.mozilla.org is not compatible with application version.
1512982580761	addons.xpi	WARN	Add-on langpack-en-ZA@firefox.mozilla.org is not compatible with application version.
1512982580761	addons.xpi	WARN	Add-on langpack-en-GB@firefox.mozilla.org is not compatible with application version.
1512982581309	addons.xpi	WARN	Add-on langpack-en-ZA@firefox.mozilla.org is not compatible with application version.
1512982581309	addons.xpi	WARN	Add-on langpack-en-GB@firefox.mozilla.org is not compatible with application version.

(firefox:18319): GLib-GIO-CRITICAL **: g_dbus_connection_register_object: assertion 'G_IS_DBUS_CONNECTION (connection)' failed

(firefox:18319): GLib-GIO-CRITICAL **: g_dbus_connection_register_object: assertion 'G_IS_DBUS_CONNECTION (connection)' failed

(firefox:18319): GLib-GIO-CRITICAL **: g_dbus_connection_get_unique_name: assertion 'G_IS_DBUS_CONNECTION (connection)' failed

(firefox:18319): GConf-WARNING **: Client failed to connect to the D-BUS daemon:
Did not receive a reply. Possible causes include: the remote application did not send a reply, the message bus security policy blocked the reply, the reply timeout expired, or the network connection was broken.

(firefox:18319): LIBDBUSMENU-GLIB-WARNING **: Unable to get session bus: 连接已关闭

(firefox:18319): GConf-WARNING **: Client failed to connect to the D-BUS daemon:
Did not receive a reply. Possible causes include: the remote application did not send a reply, the message bus security policy blocked the reply, the reply timeout expired, or the network connection was broken.
1512982585670	Marionette	INFO	Listening on port 39569
1512982585698	Marionette	WARN	TLS certificate errors will be ignored for this session
1512982585775	Marionette	DEBUG	Register listener.js for window 2147483649

(firefox:18319): GConf-WARNING **: Client failed to connect to the D-BUS daemon:
Did not receive a reply. Possible causes include: the remote application did not send a reply, the message bus security policy blocked the reply, the reply timeout expired, or the network connection was broken.

(firefox:18319): GConf-WARNING **: Client failed to connect to the D-BUS daemon:
Did not receive a reply. Possible causes include: the remote application did not send a reply, the message bus security policy blocked the reply, the reply timeout expired, or the network connection was broken.

(firefox:18319): GLib-GIO-CRITICAL **: g_dbus_connection_register_object: assertion 'G_IS_DBUS_CONNECTION (connection)' failed

(firefox:18319): GLib-GIO-CRITICAL **: g_dbus_connection_register_object: assertion 'G_IS_DBUS_CONNECTION (connection)' failed

(firefox:18319): GLib-GIO-CRITICAL **: g_dbus_connection_get_unique_name: assertion 'G_IS_DBUS_CONNECTION (connection)' failed
1512982591025	Marionette	DEBUG	Received DOM event "beforeunload" for "about:blank"
1512982591412	Marionette	DEBUG	Received DOM event "pagehide" for "about:blank"
1512982591413	Marionette	DEBUG	Received DOM event "unload" for "about:blank"
1512982596685	Marionette	DEBUG	Received DOM event "DOMContentLoaded" for "https://passport.weibo.cn/signin/login?entry=mweibo&r=http%3A%2F%2Fweibo.cn&"
1512982596700	Marionette	DEBUG	Received DOM event "pageshow" for "https://passport.weibo.cn/signin/login?entry=mweibo&r=http%3A%2F%2Fweibo.cn&"

(firefox:18319): GConf-WARNING **: Client failed to connect to the D-BUS daemon:
Did not receive a reply. Possible causes include: the remote application did not send a reply, the message bus security policy blocked the reply, the reply timeout expired, or the network connection was broken.

(firefox:18319): GLib-GIO-CRITICAL **: g_dbus_connection_register_object: assertion 'G_IS_DBUS_CONNECTION (connection)' failed

(firefox:18319): GLib-GIO-CRITICAL **: g_dbus_connection_register_object: assertion 'G_IS_DBUS_CONNECTION (connection)' failed

(firefox:18319): GLib-GIO-CRITICAL **: g_dbus_connection_get_unique_name: assertion 'G_IS_DBUS_CONNECTION (connection)' failed

(firefox:18319): GLib-GIO-CRITICAL **: g_dbus_connection_register_object: assertion 'G_IS_DBUS_CONNECTION (connection)' failed

(firefox:18319): GLib-GIO-CRITICAL **: g_dbus_connection_register_object: assertion 'G_IS_DBUS_CONNECTION (connection)' failed

(firefox:18319): GLib-GIO-CRITICAL **: g_dbus_connection_get_unique_name: assertion 'G_IS_DBUS_CONNECTION (connection)' failed
1512982643235	Marionette	DEBUG	Canceled page load listener because no navigation has been detected
[Child 18374, Chrome_ChildThread] WARNING: pipe error (16): 连接被对方重设: file /build/firefox-bfYN6l/firefox-57.0.1+build2/ipc/chromium/src/chrome/common/ipc_channel_posix.cc, line 353
[Child 18374, Chrome_ChildThread] WARNING: pipe error (34): 连接被对方重设: file /build/firefox-bfYN6l/firefox-57.0.1+build2/ipc/chromium/src/chrome/common/ipc_channel_posix.cc, line 353
[Child 18374, Chrome_ChildThread] WARNING: pipe error (3): 连接被对方重设: file /build/firefox-bfYN6l/firefox-57.0.1+build2/ipc/chromium/src/chrome/common/ipc_channel_posix.cc, line 353
1513040926638	geckodriver	INFO	geckodriver 0.19.1
1513040926651	geckodriver	INFO	Listening on 127.0.0.1:60417
1513040928101	mozrunner::runner	INFO	Running command: "/usr/bin/firefox" "-marionette" "-profile" "/tmp/rust_mozprofile.LWXN8J8hqJBJ"
1513040930424	addons.xpi	WARN	Add-on langpack-en-ZA@firefox.mozilla.org is not compatible with application version.
1513040930425	addons.xpi	WARN	Add-on langpack-en-ZA@firefox.mozilla.org is not compatible with application version.
1513040930425	addons.xpi	WARN	Add-on langpack-en-ZA@firefox.mozilla.org is not compatible with application version.
1513040930559	addons.xpi	WARN	Add-on langpack-en-GB@firefox.mozilla.org is not compatible with application version.
1513040930559	addons.xpi	WARN	Add-on langpack-en-GB@firefox.mozilla.org is not compatible with application version.
1513040930560	addons.xpi	WARN	Add-on langpack-en-GB@firefox.mozilla.org is not compatible with application version.
1513040931639	Marionette	INFO	Enabled via --marionette

(firefox:4306): GLib-GIO-CRITICAL **: g_dbus_connection_register_object: assertion 'G_IS_DBUS_CONNECTION (connection)' failed

(firefox:4306): GLib-GIO-CRITICAL **: g_dbus_connection_register_object: assertion 'G_IS_DBUS_CONNECTION (connection)' failed

(firefox:4306): GLib-GIO-CRITICAL **: g_dbus_connection_get_unique_name: assertion 'G_IS_DBUS_CONNECTION (connection)' failed
1513040932031	addons.xpi	WARN	Add-on langpack-en-ZA@firefox.mozilla.org is not compatible with application version.
1513040932031	addons.xpi	WARN	Add-on langpack-en-GB@firefox.mozilla.org is not compatible with application version.
1513040932032	addons.xpi	WARN	Add-on langpack-en-ZA@firefox.mozilla.org is not compatible with application version.
1513040932033	addons.xpi	WARN	Add-on langpack-en-GB@firefox.mozilla.org is not compatible with application version.
1513040932036	addons.xpi	WARN	Add-on langpack-en-ZA@firefox.mozilla.org is not compatible with application version.
1513040932037	addons.xpi	WARN	Add-on langpack-en-GB@firefox.mozilla.org is not compatible with application version.
1513040932148	addons.xpi	WARN	Add-on langpack-en-ZA@firefox.mozilla.org is not compatible with application version.
1513040932148	addons.xpi	WARN	Add-on langpack-en-GB@firefox.mozilla.org is not compatible with application version.

(firefox:4306): GLib-GIO-CRITICAL **: g_dbus_connection_register_object: assertion 'G_IS_DBUS_CONNECTION (connection)' failed

(firefox:4306): GLib-GIO-CRITICAL **: g_dbus_connection_register_object: assertion 'G_IS_DBUS_CONNECTION (connection)' failed

(firefox:4306): GLib-GIO-CRITICAL **: g_dbus_connection_get_unique_name: assertion 'G_IS_DBUS_CONNECTION (connection)' failed

(firefox:4306): GConf-WARNING **: Client failed to connect to the D-BUS daemon:
Did not receive a reply. Possible causes include: the remote application did not send a reply, the message bus security policy blocked the reply, the reply timeout expired, or the network connection was broken.

(firefox:4306): LIBDBUSMENU-GLIB-WARNING **: Unable to get session bus: 连接已关闭

(firefox:4306): GConf-WARNING **: Client failed to connect to the D-BUS daemon:
Did not receive a reply. Possible causes include: the remote application did not send a reply, the message bus security policy blocked the reply, the reply timeout expired, or the network connection was broken.
1513040936717	Marionette	INFO	Listening on port 43352
1513040937029	Marionette	WARN	TLS certificate errors will be ignored for this session
1513040937137	Marionette	DEBUG	Register listener.js for window 2147483649
1513040937279	Marionette	DEBUG	Received DOM event "beforeunload" for "about:blank"

(firefox:4306): GConf-WARNING **: Client failed to connect to the D-BUS daemon:
Did not receive a reply. Possible causes include: the remote application did not send a reply, the message bus security policy blocked the reply, the reply timeout expired, or the network connection was broken.

(firefox:4306): GConf-WARNING **: Client failed to connect to the D-BUS daemon:
Did not receive a reply. Possible causes include: the remote application did not send a reply, the message bus security policy blocked the reply, the reply timeout expired, or the network connection was broken.
1513040942806	Marionette	DEBUG	Received DOM event "pagehide" for "about:blank"
1513040942807	Marionette	DEBUG	Received DOM event "unload" for "about:blank"
1513040943096	Marionette	DEBUG	Received DOM event "DOMContentLoaded" for "https://passport.weibo.cn/signin/login?entry=mweibo&r=http%3A%2F%2Fweibo.cn&"
1513040943326	Marionette	DEBUG	Received DOM event "pageshow" for "https://passport.weibo.cn/signin/login?entry=mweibo&r=http%3A%2F%2Fweibo.cn&"
1513040945377	Marionette	DEBUG	Canceled page load listener because no navigation has been detected
[Child 4375, Chrome_ChildThread] WARNING: pipe error (34): 连接被对方重设: file /build/firefox-bfYN6l/firefox-57.0.1+build2/ipc/chromium/src/chrome/common/ipc_channel_posix.cc, line 353
[Child 4375, Chrome_ChildThread] WARNING: pipe error (19): 连接被对方重设: file /build/firefox-bfYN6l/firefox-57.0.1+build2/ipc/chromium/src/chrome/common/ipc_channel_posix.cc, line 353
[Child 4375, Chrome_ChildThread] WARNING: pipe error (3): 连接被对方重设: file /build/firefox-bfYN6l/firefox-57.0.1+build2/ipc/chromium/src/chrome/common/ipc_channel_posix.cc, line 353
1513045750442	geckodriver	INFO	geckodriver 0.19.1
1513045750474	geckodriver	INFO	Listening on 127.0.0.1:54321
1513045751691	mozrunner::runner	INFO	Running command: "/usr/bin/firefox" "-marionette" "-profile" "/tmp/rust_mozprofile.kln7Y3ix6cKR"
1513045754852	addons.xpi	WARN	Add-on langpack-en-ZA@firefox.mozilla.org is not compatible with application version.
1513045754852	addons.xpi	WARN	Add-on langpack-en-ZA@firefox.mozilla.org is not compatible with application version.
1513045754853	addons.xpi	WARN	Add-on langpack-en-ZA@firefox.mozilla.org is not compatible with application version.
1513045754865	addons.xpi	WARN	Add-on langpack-en-GB@firefox.mozilla.org is not compatible with application version.
1513045754865	addons.xpi	WARN	Add-on langpack-en-GB@firefox.mozilla.org is not compatible with application version.
1513045754865	addons.xpi	WARN	Add-on langpack-en-GB@firefox.mozilla.org is not compatible with application version.
1513045755795	Marionette	INFO	Enabled via --marionette

(firefox:6901): GLib-GIO-CRITICAL **: g_dbus_connection_register_object: assertion 'G_IS_DBUS_CONNECTION (connection)' failed

(firefox:6901): GLib-GIO-CRITICAL **: g_dbus_connection_register_object: assertion 'G_IS_DBUS_CONNECTION (connection)' failed

(firefox:6901): GLib-GIO-CRITICAL **: g_dbus_connection_get_unique_name: assertion 'G_IS_DBUS_CONNECTION (connection)' failed
1513045756318	addons.xpi	WARN	Add-on langpack-en-ZA@firefox.mozilla.org is not compatible with application version.
1513045756318	addons.xpi	WARN	Add-on langpack-en-GB@firefox.mozilla.org is not compatible with application version.
1513045756319	addons.xpi	WARN	Add-on langpack-en-ZA@firefox.mozilla.org is not compatible with application version.
1513045756319	addons.xpi	WARN	Add-on langpack-en-GB@firefox.mozilla.org is not compatible with application version.
1513045756322	addons.xpi	WARN	Add-on langpack-en-ZA@firefox.mozilla.org is not compatible with application version.
1513045756323	addons.xpi	WARN	Add-on langpack-en-GB@firefox.mozilla.org is not compatible with application version.
1513045756448	addons.xpi	WARN	Add-on langpack-en-ZA@firefox.mozilla.org is not compatible with application version.
1513045756448	addons.xpi	WARN	Add-on langpack-en-GB@firefox.mozilla.org is not compatible with application version.

(firefox:6901): GLib-GIO-CRITICAL **: g_dbus_connection_register_object: assertion 'G_IS_DBUS_CONNECTION (connection)' failed

(firefox:6901): GLib-GIO-CRITICAL **: g_dbus_connection_register_object: assertion 'G_IS_DBUS_CONNECTION (connection)' failed

(firefox:6901): GLib-GIO-CRITICAL **: g_dbus_connection_get_unique_name: assertion 'G_IS_DBUS_CONNECTION (connection)' failed

(firefox:6901): GConf-WARNING **: Client failed to connect to the D-BUS daemon:
Did not receive a reply. Possible causes include: the remote application did not send a reply, the message bus security policy blocked the reply, the reply timeout expired, or the network connection was broken.

(firefox:6901): LIBDBUSMENU-GLIB-WARNING **: Unable to get session bus: 连接已关闭

(firefox:6901): GConf-WARNING **: Client failed to connect to the D-BUS daemon:
Did not receive a reply. Possible causes include: the remote application did not send a reply, the message bus security policy blocked the reply, the reply timeout expired, or the network connection was broken.
1513045761052	Marionette	INFO	Listening on port 43864
1513045761182	Marionette	WARN	TLS certificate errors will be ignored for this session
1513045761285	Marionette	DEBUG	Register listener.js for window 2147483649

(firefox:6901): GConf-WARNING **: Client failed to connect to the D-BUS daemon:
Did not receive a reply. Possible causes include: the remote application did not send a reply, the message bus security policy blocked the reply, the reply timeout expired, or the network connection was broken.
1513045761317	Marionette	DEBUG	Received DOM event "beforeunload" for "about:blank"

(firefox:6901): GConf-WARNING **: Client failed to connect to the D-BUS daemon:
Did not receive a reply. Possible causes include: the remote application did not send a reply, the message bus security policy blocked the reply, the reply timeout expired, or the network connection was broken.
1513045767348	Marionette	DEBUG	Received DOM event "pagehide" for "about:blank"
1513045767348	Marionette	DEBUG	Received DOM event "unload" for "about:blank"
1513045767604	Marionette	DEBUG	Received DOM event "DOMContentLoaded" for "https://passport.weibo.cn/signin/login?entry=mweibo&r=http%3A%2F%2Fweibo.cn&"
1513045767611	Marionette	DEBUG	Received DOM event "pageshow" for "https://passport.weibo.cn/signin/login?entry=mweibo&r=http%3A%2F%2Fweibo.cn&"
1513045769419	Marionette	DEBUG	Canceled page load listener because no navigation has been detected
[Child 6958, Chrome_ChildThread] WARNING: pipe error (19): 连接被对方重设: file /build/firefox-bfYN6l/firefox-57.0.1+build2/ipc/chromium/src/chrome/common/ipc_channel_posix.cc, line 353
[Child 6958, Chrome_ChildThread] WARNING: pipe error (3): 连接被对方重设: file /build/firefox-bfYN6l/firefox-57.0.1+build2/ipc/chromium/src/chrome/common/ipc_channel_posix.cc, line 353
